<?xml version="1.0" encoding="UTF-8"?>
<testsuite xmlns:xsi="http://www.w3.org/2001/XMLSchema-instance" xsi:noNamespaceSchemaLocation="https://maven.apache.org/surefire/maven-surefire-plugin/xsd/surefire-test-report-3.0.xsd" version="3.0" name="javeriana.ms.rest.MyResourceTest" time="0.767" tests="1" errors="0" skipped="0" failures="0">
  <properties>
[...]
</properties>
  <testcase name="testGetIt" classname="javeriana.ms.rest.MyResourceTest" time="0.746">
    <system-err><![CDATA[mar. 18, 2023 11:22:47 P. M. org.glassfish.grizzly.http.server.NetworkListener start
INFO: Started listener bound to [localhost:8080]
mar. 18, 2023 11:22:47 P. M. org.glassfish.grizzly.http.server.HttpServer start
INFO: [HttpServer] Started.
mar. 18, 2023 11:22:47 P. M. org.glassfish.grizzly.http.server.NetworkListener shutdownNow
INFO: Stopped listener bound to [localhost:8080]
]]></system-err>
  </testcase>
</testsuite>